[ 2017-08-29T15:26:11+08:00 ] 127.0.0.1 /index.php/admin/public
INFO: [ app_init ] --START--
INFO: Run Behavior\BuildLiteBehavior [ RunTime:0.000000s ]
INFO: [ app_init ] --END-- [ RunTime:0.004001s ]
ERR: 非法操作:index

[ 2017-08-29T15:26:29+08:00 ] 127.0.0.1 /index.php/Admin/Public/login
INFO: [ app_init ] --START--
INFO: Run Behavior\BuildLiteBehavior [ RunTime:0.000000s ]
INFO: [ app_init ] --END-- [ RunTime:0.001000s ]

[ 2017-08-29T15:26:29+08:00 ] 127.0.0.1 /index.php/Admin/Public/captcha
INFO: [ app_init ] --START--
INFO: Run Behavior\BuildLiteBehavior [ RunTime:0.001000s ]
INFO: [ app_init ] --END-- [ RunTime:0.003000s ]

[ 2017-08-29T15:26:46+08:00 ] 127.0.0.1 /index.php/Admin/Public/login
INFO: [ app_init ] --START--
INFO: Run Behavior\BuildLiteBehavior [ RunTime:0.000000s ]
INFO: [ app_init ] --END-- [ RunTime:0.002000s ]

[ 2017-08-29T15:26:49+08:00 ] 127.0.0.1 /index.php/Admin/Index/index.html
INFO: [ app_init ] --START--
INFO: Run Behavior\BuildLiteBehavior [ RunTime:0.000000s ]
INFO: [ app_init ] --END-- [ RunTime:0.002000s ]

[ 2017-08-29T15:26:49+08:00 ] 127.0.0.1 /index.php/Admin/Index/home.html
INFO: [ app_init ] --START--
INFO: Run Behavior\BuildLiteBehavior [ RunTime:0.000000s ]
INFO: [ app_init ] --END-- [ RunTime:0.002000s ]

[ 2017-08-29T15:26:58+08:00 ] 127.0.0.1 /index.php/Admin/Email/send.html
INFO: [ app_init ] --START--
INFO: Run Behavior\BuildLiteBehavior [ RunTime:0.000000s ]
INFO: [ app_init ] --END-- [ RunTime:0.002000s ]

[ 2017-08-29T15:27:00+08:00 ] 127.0.0.1 /index.php/Admin/Email/sendBox.html
INFO: [ app_init ] --START--
INFO: Run Behavior\BuildLiteBehavior [ RunTime:0.000000s ]
INFO: [ app_init ] --END-- [ RunTime:0.001000s ]

[ 2017-08-29T15:27:03+08:00 ] 127.0.0.1 /index.php/Admin/Index/home.html
INFO: [ app_init ] --START--
INFO: Run Behavior\BuildLiteBehavior [ RunTime:0.000000s ]
INFO: [ app_init ] --END-- [ RunTime:0.002000s ]

[ 2017-08-29T15:27:06+08:00 ] 127.0.0.1 /index.php/Admin/Doc/showList.html
INFO: [ app_init ] --START--
INFO: Run Behavior\BuildLiteBehavior [ RunTime:0.000000s ]
INFO: [ app_init ] --END-- [ RunTime:0.001000s ]

[ 2017-08-29T15:58:46+08:00 ] 127.0.0.1 /index.php/Admin/Index/index.html
INFO: [ app_init ] --START--
INFO: Run Behavior\BuildLiteBehavior [ RunTime:0.000000s ]
INFO: [ app_init ] --END-- [ RunTime:0.002001s ]

[ 2017-08-29T16:01:34+08:00 ] 127.0.0.1 /index.php/Admin/Index/index.html
INFO: [ app_init ] --START--
INFO: Run Behavior\BuildLiteBehavior [ RunTime:0.000000s ]
INFO: [ app_init ] --END-- [ RunTime:0.001000s ]

[ 2017-08-29T16:01:34+08:00 ] 127.0.0.1 /index.php/Admin/Index/home.html
INFO: [ app_init ] --START--
INFO: Run Behavior\BuildLiteBehavior [ RunTime:0.000000s ]
INFO: [ app_init ] --END-- [ RunTime:0.001000s ]

[ 2017-08-29T16:06:29+08:00 ] 127.0.0.1 /index.php/Admin/Index/index.html
INFO: [ app_init ] --START--
INFO: Run Behavior\BuildLiteBehavior [ RunTime:0.000000s ]
INFO: [ app_init ] --END-- [ RunTime:0.002000s ]

[ 2017-08-29T16:06:29+08:00 ] 127.0.0.1 /index.php/Admin/Index/home.html
INFO: [ app_init ] --START--
INFO: Run Behavior\BuildLiteBehavior [ RunTime:0.000000s ]
INFO: [ app_init ] --END-- [ RunTime:0.001000s ]

[ 2017-08-29T16:06:54+08:00 ] 127.0.0.1 /index.php/Admin/Index/index.html
INFO: [ app_init ] --START--
INFO: Run Behavior\BuildLiteBehavior [ RunTime:0.000000s ]
INFO: [ app_init ] --END-- [ RunTime:0.002500s ]

[ 2017-08-29T16:06:54+08:00 ] 127.0.0.1 /index.php/Admin/Index/home.html
INFO: [ app_init ] --START--
INFO: Run Behavior\BuildLiteBehavior [ RunTime:0.000000s ]
INFO: [ app_init ] --END-- [ RunTime:0.003000s ]

[ 2017-08-29T16:06:59+08:00 ] 127.0.0.1 /index.php/Admin/Public/logout
INFO: [ app_init ] --START--
INFO: Run Behavior\BuildLiteBehavior [ RunTime:0.000000s ]
INFO: [ app_init ] --END-- [ RunTime:0.002500s ]

[ 2017-08-29T16:07:02+08:00 ] 127.0.0.1 /index.php/Admin/Public/login.html
INFO: [ app_init ] --START--
INFO: Run Behavior\BuildLiteBehavior [ RunTime:0.000000s ]
INFO: [ app_init ] --END-- [ RunTime:0.000000s ]

[ 2017-08-29T16:07:02+08:00 ] 127.0.0.1 /index.php/Admin/Public/captcha
INFO: [ app_init ] --START--
INFO: Run Behavior\BuildLiteBehavior [ RunTime:0.000000s ]
INFO: [ app_init ] --END-- [ RunTime:0.002500s ]

[ 2017-08-29T16:07:17+08:00 ] 127.0.0.1 /index.php/Admin/Email/sendBox.html
INFO: [ app_init ] --START--
INFO: Run Behavior\BuildLiteBehavior [ RunTime:0.000000s ]
INFO: [ app_init ] --END-- [ RunTime:0.002500s ]

[ 2017-08-29T16:09:08+08:00 ] 127.0.0.1 /index.php/Admin/Email/sendBox.html
INFO: [ app_init ] --START--
INFO: Run Behavior\BuildLiteBehavior [ RunTime:0.000000s ]
INFO: [ app_init ] --END-- [ RunTime:0.002500s ]

[ 2017-08-29T16:09:12+08:00 ] 127.0.0.1 /index.php/Admin/Email/sendBox.html
INFO: [ app_init ] --START--
INFO: Run Behavior\BuildLiteBehavior [ RunTime:0.000000s ]
INFO: [ app_init ] --END-- [ RunTime:0.002501s ]

[ 2017-08-29T16:09:13+08:00 ] 127.0.0.1 /index.php/Admin/Email/sendBox.html
INFO: [ app_init ] --START--
INFO: Run Behavior\BuildLiteBehavior [ RunTime:0.000000s ]
INFO: [ app_init ] --END-- [ RunTime:0.002500s ]

[ 2017-08-29T16:09:13+08:00 ] 127.0.0.1 /index.php/Admin/Email/sendBox.html
INFO: [ app_init ] --START--
INFO: Run Behavior\BuildLiteBehavior [ RunTime:0.000000s ]
INFO: [ app_init ] --END-- [ RunTime:0.000000s ]

[ 2017-08-29T16:09:14+08:00 ] 127.0.0.1 /index.php/Admin/Email/sendBox.html
INFO: [ app_init ] --START--
INFO: Run Behavior\BuildLiteBehavior [ RunTime:0.000000s ]
INFO: [ app_init ] --END-- [ RunTime:0.002500s ]

[ 2017-08-29T16:09:16+08:00 ] 127.0.0.1 /index.php/Admin/Email/sendBox.html
INFO: [ app_init ] --START--
INFO: Run Behavior\BuildLiteBehavior [ RunTime:0.000000s ]
INFO: [ app_init ] --END-- [ RunTime:0.002500s ]

[ 2017-08-29T16:10:57+08:00 ] 127.0.0.1 /index.php/Admin/Email/sendBox.html
INFO: [ app_init ] --START--
INFO: Run Behavior\BuildLiteBehavior [ RunTime:0.000000s ]
INFO: [ app_init ] --END-- [ RunTime:0.002500s ]

[ 2017-08-29T16:11:18+08:00 ] 127.0.0.1 /index.php/Admin/Email/sendBox.html
INFO: [ app_init ] --START--
INFO: Run Behavior\BuildLiteBehavior [ RunTime:0.000000s ]
INFO: [ app_init ] --END-- [ RunTime:0.002500s ]

[ 2017-08-29T16:11:21+08:00 ] 127.0.0.1 /index.php/Admin/Public/login.html
INFO: [ app_init ] --START--
INFO: Run Behavior\BuildLiteBehavior [ RunTime:0.000000s ]
INFO: [ app_init ] --END-- [ RunTime:0.000000s ]

[ 2017-08-29T16:11:21+08:00 ] 127.0.0.1 /index.php/Admin/Public/captcha
INFO: [ app_init ] --START--
INFO: Run Behavior\BuildLiteBehavior [ RunTime:0.000000s ]
INFO: [ app_init ] --END-- [ RunTime:0.002500s ]

[ 2017-08-29T16:20:15+08:00 ] 127.0.0.1 /index.php/Admin/Email/send.html
INFO: [ app_init ] --START--
INFO: Run Behavior\BuildLiteBehavior [ RunTime:0.000000s ]
INFO: [ app_init ] --END-- [ RunTime:0.002500s ]

[ 2017-08-29T16:20:16+08:00 ] 127.0.0.1 /index.php/Admin/Public/login.html
INFO: [ app_init ] --START--
INFO: Run Behavior\BuildLiteBehavior [ RunTime:0.000000s ]
INFO: [ app_init ] --END-- [ RunTime:0.002500s ]

[ 2017-08-29T16:20:16+08:00 ] 127.0.0.1 /index.php/Admin/Public/captcha
INFO: [ app_init ] --START--
INFO: Run Behavior\BuildLiteBehavior [ RunTime:0.000000s ]
INFO: [ app_init ] --END-- [ RunTime:0.002500s ]

[ 2017-08-29T16:20:59+08:00 ] 127.0.0.1 /index.php/Admin/Public/login.html
INFO: [ app_init ] --START--
INFO: Run Behavior\BuildLiteBehavior [ RunTime:0.000000s ]
INFO: [ app_init ] --END-- [ RunTime:0.002500s ]

[ 2017-08-29T16:21:02+08:00 ] 127.0.0.1 /index.php/Admin/Index/index.html
INFO: [ app_init ] --START--
INFO: Run Behavior\BuildLiteBehavior [ RunTime:0.000000s ]
INFO: [ app_init ] --END-- [ RunTime:0.001000s ]

[ 2017-08-29T16:21:02+08:00 ] 127.0.0.1 /index.php/Admin/Index/home.html
INFO: [ app_init ] --START--
INFO: Run Behavior\BuildLiteBehavior [ RunTime:0.000000s ]
INFO: [ app_init ] --END-- [ RunTime:0.002000s ]

[ 2017-08-29T16:21:06+08:00 ] 127.0.0.1 /index.php/Admin/User/showList.html
INFO: [ app_init ] --START--
INFO: Run Behavior\BuildLiteBehavior [ RunTime:0.000000s ]
INFO: [ app_init ] --END-- [ RunTime:0.001000s ]

[ 2017-08-29T16:21:09+08:00 ] 127.0.0.1 /index.php/Admin/User/add.html
INFO: [ app_init ] --START--
INFO: Run Behavior\BuildLiteBehavior [ RunTime:0.000000s ]
INFO: [ app_init ] --END-- [ RunTime:0.002000s ]

[ 2017-08-29T16:21:13+08:00 ] 127.0.0.1 /index.php/Admin/Dept/showList.html
INFO: [ app_init ] --START--
INFO: Run Behavior\BuildLiteBehavior [ RunTime:0.000000s ]
INFO: [ app_init ] --END-- [ RunTime:0.001000s ]

[ 2017-08-29T16:21:15+08:00 ] 127.0.0.1 /index.php/Admin/Dept/add.html
INFO: [ app_init ] --START--
INFO: Run Behavior\BuildLiteBehavior [ RunTime:0.000000s ]
INFO: [ app_init ] --END-- [ RunTime:0.001000s ]

[ 2017-08-29T16:23:29+08:00 ] 127.0.0.1 /index.php/Admin/Email/receiveBox.html
INFO: [ app_init ] --START--
INFO: Run Behavior\BuildLiteBehavior [ RunTime:0.000000s ]
INFO: [ app_init ] --END-- [ RunTime:0.002000s ]

[ 2017-08-29T16:23:30+08:00 ] 127.0.0.1 /index.php/Admin/Email/receiveBox.html
INFO: [ app_init ] --START--
INFO: Run Behavior\BuildLiteBehavior [ RunTime:0.000000s ]
INFO: [ app_init ] --END-- [ RunTime:0.002000s ]

[ 2017-08-29T16:23:31+08:00 ] 127.0.0.1 /index.php/Admin/Email/receiveBox.html
INFO: [ app_init ] --START--
INFO: Run Behavior\BuildLiteBehavior [ RunTime:0.000000s ]
INFO: [ app_init ] --END-- [ RunTime:0.001000s ]

[ 2017-08-29T16:23:31+08:00 ] 127.0.0.1 /index.php/Admin/Email/receiveBox.html
INFO: [ app_init ] --START--
INFO: Run Behavior\BuildLiteBehavior [ RunTime:0.000000s ]
INFO: [ app_init ] --END-- [ RunTime:0.001000s ]

[ 2017-08-29T16:23:31+08:00 ] 127.0.0.1 /index.php/Admin/Email/receiveBox.html
INFO: [ app_init ] --START--
INFO: Run Behavior\BuildLiteBehavior [ RunTime:0.000000s ]
INFO: [ app_init ] --END-- [ RunTime:0.000000s ]

[ 2017-08-29T16:23:32+08:00 ] 127.0.0.1 /index.php/Admin/Email/receiveBox.html
INFO: [ app_init ] --START--
INFO: Run Behavior\BuildLiteBehavior [ RunTime:0.000000s ]
INFO: [ app_init ] --END-- [ RunTime:0.002000s ]

[ 2017-08-29T16:28:35+08:00 ] 127.0.0.1 /index.php/Admin/Email/receiveBox.html
INFO: [ app_init ] --START--
INFO: Run Behavior\BuildLiteBehavior [ RunTime:0.000000s ]
INFO: [ app_init ] --END-- [ RunTime:0.001000s ]

[ 2017-08-29T16:39:51+08:00 ] 127.0.0.1 /index.php/Admin/Email/receiveBox.html
INFO: [ app_init ] --START--
INFO: Run Behavior\BuildLiteBehavior [ RunTime:0.000000s ]
INFO: [ app_init ] --END-- [ RunTime:0.002000s ]

[ 2017-08-29T16:42:31+08:00 ] 127.0.0.1 /index.php/Admin/Index/index.html
INFO: [ app_init ] --START--
INFO: Run Behavior\BuildLiteBehavior [ RunTime:0.000000s ]
INFO: [ app_init ] --END-- [ RunTime:0.002000s ]

[ 2017-08-29T16:42:31+08:00 ] 127.0.0.1 /index.php/Admin/Public/login.html
INFO: [ app_init ] --START--
INFO: Run Behavior\BuildLiteBehavior [ RunTime:0.000000s ]
INFO: [ app_init ] --END-- [ RunTime:0.002000s ]

[ 2017-08-29T16:42:31+08:00 ] 127.0.0.1 /index.php/Admin/Public/captcha
INFO: [ app_init ] --START--
INFO: Run Behavior\BuildLiteBehavior [ RunTime:0.000000s ]
INFO: [ app_init ] --END-- [ RunTime:0.002000s ]

[ 2017-08-29T16:43:43+08:00 ] 127.0.0.1 /index.php/Admin/Public/login.html
INFO: [ app_init ] --START--
INFO: Run Behavior\BuildLiteBehavior [ RunTime:0.000000s ]
INFO: [ app_init ] --END-- [ RunTime:0.001000s ]

[ 2017-08-29T16:43:47+08:00 ] 127.0.0.1 /index.php/Admin/Index/index.html
INFO: [ app_init ] --START--
INFO: Run Behavior\BuildLiteBehavior [ RunTime:0.000000s ]
INFO: [ app_init ] --END-- [ RunTime:0.002000s ]

[ 2017-08-29T16:43:47+08:00 ] 127.0.0.1 /index.php/Admin/Index/home.html
INFO: [ app_init ] --START--
INFO: Run Behavior\BuildLiteBehavior [ RunTime:0.000000s ]
INFO: [ app_init ] --END-- [ RunTime:0.002000s ]

[ 2017-08-29T16:43:53+08:00 ] 127.0.0.1 /index.php/Admin/Email/receiveBox.html
INFO: [ app_init ] --START--
INFO: Run Behavior\BuildLiteBehavior [ RunTime:0.000000s ]
INFO: [ app_init ] --END-- [ RunTime:0.002000s ]

[ 2017-08-29T16:50:55+08:00 ] 127.0.0.1 /index.php/Admin/Index/index.html
INFO: [ app_init ] --START--
INFO: Run Behavior\BuildLiteBehavior [ RunTime:0.000000s ]
INFO: [ app_init ] --END-- [ RunTime:0.002000s ]

[ 2017-08-29T16:50:55+08:00 ] 127.0.0.1 /index.php/Admin/Index/home.html
INFO: [ app_init ] --START--
INFO: Run Behavior\BuildLiteBehavior [ RunTime:0.000000s ]
INFO: [ app_init ] --END-- [ RunTime:0.002000s ]

[ 2017-08-29T16:50:58+08:00 ] 127.0.0.1 /index.php/Admin/Email/receiveBox.html
INFO: [ app_init ] --START--
INFO: Run Behavior\BuildLiteBehavior [ RunTime:0.000000s ]
INFO: [ app_init ] --END-- [ RunTime:0.001000s ]

[ 2017-08-29T16:57:07+08:00 ] 127.0.0.1 /index.php/Admin/Email/receiveBox.html
INFO: [ app_init ] --START--
INFO: Run Behavior\BuildLiteBehavior [ RunTime:0.000000s ]
INFO: [ app_init ] --END-- [ RunTime:0.002000s ]

[ 2017-08-29T17:03:03+08:00 ] 127.0.0.1 /index.php/Admin/Email/receiveBox.html
INFO: [ app_init ] --START--
INFO: Run Behavior\BuildLiteBehavior [ RunTime:0.000000s ]
INFO: [ app_init ] --END-- [ RunTime:0.001000s ]

[ 2017-08-29T17:14:41+08:00 ] 127.0.0.1 /index.php/Admin/Email/receiveBox.html
INFO: [ app_init ] --START--
INFO: Run Behavior\BuildLiteBehavior [ RunTime:0.000000s ]
INFO: [ app_init ] --END-- [ RunTime:0.002000s ]

[ 2017-08-29T17:14:44+08:00 ] 127.0.0.1 /index.php/Admin/Email/mobile/
INFO: [ app_init ] --START--
INFO: Run Behavior\BuildLiteBehavior [ RunTime:0.000000s ]
INFO: [ app_init ] --END-- [ RunTime:0.002001s ]

[ 2017-08-29T17:15:32+08:00 ] 127.0.0.1 /index.php/Admin/Email/receiveBox.html
INFO: [ app_init ] --START--
INFO: Run Behavior\BuildLiteBehavior [ RunTime:0.000000s ]
INFO: [ app_init ] --END-- [ RunTime:0.001000s ]

[ 2017-08-29T17:15:32+08:00 ] 127.0.0.1 /index.php/Admin/Email/mobile/
INFO: [ app_init ] --START--
INFO: Run Behavior\BuildLiteBehavior [ RunTime:0.000000s ]
INFO: [ app_init ] --END-- [ RunTime:0.004001s ]

[ 2017-08-29T17:17:11+08:00 ] 127.0.0.1 /index.php/Admin/Email/receiveBox.html
INFO: [ app_init ] --START--
INFO: Run Behavior\BuildLiteBehavior [ RunTime:0.000000s ]
INFO: [ app_init ] --END-- [ RunTime:0.001001s ]

[ 2017-08-29T17:17:39+08:00 ] 127.0.0.1 /index.php/Admin/Email/receiveBox.html
INFO: [ app_init ] --START--
INFO: Run Behavior\BuildLiteBehavior [ RunTime:0.000000s ]
INFO: [ app_init ] --END-- [ RunTime:0.001000s ]

[ 2017-08-29T17:17:57+08:00 ] 127.0.0.1 /index.php/Admin/Email/receiveBox.html
INFO: [ app_init ] --START--
INFO: Run Behavior\BuildLiteBehavior [ RunTime:0.000000s ]
INFO: [ app_init ] --END-- [ RunTime:0.001000s ]

[ 2017-08-29T17:18:25+08:00 ] 127.0.0.1 /index.php/Admin/Email/receiveBox.html
INFO: [ app_init ] --START--
INFO: Run Behavior\BuildLiteBehavior [ RunTime:0.000000s ]
INFO: [ app_init ] --END-- [ RunTime:0.001001s ]

[ 2017-08-29T17:27:01+08:00 ] 127.0.0.1 /index.php/Admin/Email/receiveBox.html
INFO: [ app_init ] --START--
INFO: Run Behavior\BuildLiteBehavior [ RunTime:0.000000s ]
INFO: [ app_init ] --END-- [ RunTime:0.002001s ]

[ 2017-08-29T17:27:03+08:00 ] 127.0.0.1 /index.php/Admin/Email/getContent/id1
INFO: [ app_init ] --START--
INFO: Run Behavior\BuildLiteBehavior [ RunTime:0.000000s ]
INFO: [ app_init ] --END-- [ RunTime:0.001000s ]

[ 2017-08-29T17:27:29+08:00 ] 127.0.0.1 /index.php/Admin/Email/receiveBox.html
INFO: [ app_init ] --START--
INFO: Run Behavior\BuildLiteBehavior [ RunTime:0.000000s ]
INFO: [ app_init ] --END-- [ RunTime:0.001000s ]

[ 2017-08-29T17:27:31+08:00 ] 127.0.0.1 /index.php/Admin/Email/getContent/id1
INFO: [ app_init ] --START--
INFO: Run Behavior\BuildLiteBehavior [ RunTime:0.000000s ]
INFO: [ app_init ] --END-- [ RunTime:0.002000s ]

[ 2017-08-29T17:27:40+08:00 ] 127.0.0.1 /index.php/Admin/Email/getContent/id1
INFO: [ app_init ] --START--
INFO: Run Behavior\BuildLiteBehavior [ RunTime:0.000000s ]
INFO: [ app_init ] --END-- [ RunTime:0.003001s ]

[ 2017-08-29T17:28:34+08:00 ] 127.0.0.1 /index.php/Admin/Email/receiveBox.html
INFO: [ app_init ] --START--
INFO: Run Behavior\BuildLiteBehavior [ RunTime:0.000000s ]
INFO: [ app_init ] --END-- [ RunTime:0.001000s ]

[ 2017-08-29T17:28:37+08:00 ] 127.0.0.1 /index.php/Admin/Email/getContent/id1
INFO: [ app_init ] --START--
INFO: Run Behavior\BuildLiteBehavior [ RunTime:0.000000s ]
INFO: [ app_init ] --END-- [ RunTime:0.002000s ]

[ 2017-08-29T17:28:58+08:00 ] 127.0.0.1 /index.php/Admin/Email/receiveBox.html
INFO: [ app_init ] --START--
INFO: Run Behavior\BuildLiteBehavior [ RunTime:0.000000s ]
INFO: [ app_init ] --END-- [ RunTime:0.001000s ]

[ 2017-08-29T17:29:03+08:00 ] 127.0.0.1 /index.php/Admin/Email/receiveBox.html
INFO: [ app_init ] --START--
INFO: Run Behavior\BuildLiteBehavior [ RunTime:0.000000s ]
INFO: [ app_init ] --END-- [ RunTime:0.001000s ]

[ 2017-08-29T17:31:45+08:00 ] 127.0.0.1 /index.php/Admin/Email/receiveBox.html
INFO: [ app_init ] --START--
INFO: Run Behavior\BuildLiteBehavior [ RunTime:0.000000s ]
INFO: [ app_init ] --END-- [ RunTime:0.002001s ]

[ 2017-08-29T17:31:47+08:00 ] 127.0.0.1 /index.php/Admin/Email/getContent/id1
INFO: [ app_init ] --START--
INFO: Run Behavior\BuildLiteBehavior [ RunTime:0.000000s ]
INFO: [ app_init ] --END-- [ RunTime:0.002000s ]
ERR: 1064:You have an error in your SQL syntax; check the manual that corresponds to your MySQL server version for the right syntax to use near 'and to_id = 7 ) LIMIT 1' at line 1
 [ SQL语句 ] : SELECT * FROM `sp_email` WHERE ( id =  and to_id = 7 ) LIMIT 1  

[ 2017-08-29T17:34:10+08:00 ] 127.0.0.1 /index.php/Admin/Email/receiveBox.html
INFO: [ app_init ] --START--
INFO: Run Behavior\BuildLiteBehavior [ RunTime:0.000000s ]
INFO: [ app_init ] --END-- [ RunTime:0.002000s ]

[ 2017-08-29T17:34:14+08:00 ] 127.0.0.1 /index.php/Admin/Email/getContent/id1
INFO: [ app_init ] --START--
INFO: Run Behavior\BuildLiteBehavior [ RunTime:0.000000s ]
INFO: [ app_init ] --END-- [ RunTime:0.001000s ]
ERR: 1064:You have an error in your SQL syntax; check the manual that corresponds to your MySQL server version for the right syntax to use near 'and to_id = 7 ) LIMIT 1' at line 1
 [ SQL语句 ] : SELECT * FROM `sp_email` WHERE ( id =  and to_id = 7 ) LIMIT 1  

[ 2017-08-29T17:34:37+08:00 ] 127.0.0.1 /index.php/Admin/Email/receiveBox.html
INFO: [ app_init ] --START--
INFO: Run Behavior\BuildLiteBehavior [ RunTime:0.000000s ]
INFO: [ app_init ] --END-- [ RunTime:0.001000s ]

[ 2017-08-29T17:34:41+08:00 ] 127.0.0.1 /index.php/Admin/Email/getContent/id1
INFO: [ app_init ] --START--
INFO: Run Behavior\BuildLiteBehavior [ RunTime:0.000000s ]
INFO: [ app_init ] --END-- [ RunTime:0.002001s ]
ERR: 1064:You have an error in your SQL syntax; check the manual that corresponds to your MySQL server version for the right syntax to use near 'and to_id = 7 ) LIMIT 1' at line 1
 [ SQL语句 ] : SELECT * FROM `sp_email` WHERE ( id =  and to_id = 7 ) LIMIT 1  

[ 2017-08-29T17:34:48+08:00 ] 127.0.0.1 /index.php/Admin/Email/receiveBox.html
INFO: [ app_init ] --START--
INFO: Run Behavior\BuildLiteBehavior [ RunTime:0.000000s ]
INFO: [ app_init ] --END-- [ RunTime:0.001000s ]

[ 2017-08-29T17:34:57+08:00 ] 127.0.0.1 /index.php/Admin/Email/receiveBox.html
INFO: [ app_init ] --START--
INFO: Run Behavior\BuildLiteBehavior [ RunTime:0.000000s ]
INFO: [ app_init ] --END-- [ RunTime:0.001000s ]

[ 2017-08-29T17:35:22+08:00 ] 127.0.0.1 /index.php/Admin/Email/send.html
INFO: [ app_init ] --START--
INFO: Run Behavior\BuildLiteBehavior [ RunTime:0.000000s ]
INFO: [ app_init ] --END-- [ RunTime:0.001000s ]

[ 2017-08-29T17:36:10+08:00 ] 127.0.0.1 /index.php/Admin/Email/send.html
INFO: [ app_init ] --START--
INFO: Run Behavior\BuildLiteBehavior [ RunTime:0.000000s ]
INFO: [ app_init ] --END-- [ RunTime:0.002000s ]

[ 2017-08-29T17:36:14+08:00 ] 127.0.0.1 /index.php/Admin/Email/sendBox.html
INFO: [ app_init ] --START--
INFO: Run Behavior\BuildLiteBehavior [ RunTime:0.000000s ]
INFO: [ app_init ] --END-- [ RunTime:0.001000s ]

[ 2017-08-29T17:36:20+08:00 ] 127.0.0.1 /index.php/Admin/Email/sendBox.html
INFO: [ app_init ] --START--
INFO: Run Behavior\BuildLiteBehavior [ RunTime:0.000000s ]
INFO: [ app_init ] --END-- [ RunTime:0.002000s ]

[ 2017-08-29T17:36:22+08:00 ] 127.0.0.1 /index.php/Admin/Email/receiveBox.html
INFO: [ app_init ] --START--
INFO: Run Behavior\BuildLiteBehavior [ RunTime:0.000000s ]
INFO: [ app_init ] --END-- [ RunTime:0.002000s ]

[ 2017-08-29T17:36:30+08:00 ] 127.0.0.1 /index.php/Admin/Email/receiveBox.html
INFO: [ app_init ] --START--
INFO: Run Behavior\BuildLiteBehavior [ RunTime:0.000000s ]
INFO: [ app_init ] --END-- [ RunTime:0.001000s ]

[ 2017-08-29T17:36:38+08:00 ] 127.0.0.1 /index.php/Admin/Email/receiveBox.html
INFO: [ app_init ] --START--
INFO: Run Behavior\BuildLiteBehavior [ RunTime:0.000000s ]
INFO: [ app_init ] --END-- [ RunTime:0.002001s ]

[ 2017-08-29T17:36:42+08:00 ] 127.0.0.1 /index.php/Admin/Email/getContent/id1
INFO: [ app_init ] --START--
INFO: Run Behavior\BuildLiteBehavior [ RunTime:0.000000s ]
INFO: [ app_init ] --END-- [ RunTime:0.001000s ]
ERR: 1064:You have an error in your SQL syntax; check the manual that corresponds to your MySQL server version for the right syntax to use near 'and to_id = 7 ) LIMIT 1' at line 1
 [ SQL语句 ] : SELECT * FROM `sp_email` WHERE ( id =  and to_id = 7 ) LIMIT 1  

[ 2017-08-29T17:37:49+08:00 ] 127.0.0.1 /index.php/Admin/Email/receiveBox.html
INFO: [ app_init ] --START--
INFO: Run Behavior\BuildLiteBehavior [ RunTime:0.000000s ]
INFO: [ app_init ] --END-- [ RunTime:0.002000s ]

[ 2017-08-29T17:37:52+08:00 ] 127.0.0.1 /index.php/Admin/Email/getContent/id1
INFO: [ app_init ] --START--
INFO: Run Behavior\BuildLiteBehavior [ RunTime:0.000000s ]
INFO: [ app_init ] --END-- [ RunTime:0.002000s ]
ERR: 1064:You have an error in your SQL syntax; check the manual that corresponds to your MySQL server version for the right syntax to use near 'and to_id =7 ) LIMIT 1' at line 1
 [ SQL语句 ] : SELECT * FROM `sp_email` WHERE ( id= and to_id =7 ) LIMIT 1  

[ 2017-08-29T17:39:13+08:00 ] 127.0.0.1 /index.php/Admin/Email/receiveBox.html
INFO: [ app_init ] --START--
INFO: Run Behavior\BuildLiteBehavior [ RunTime:0.000000s ]
INFO: [ app_init ] --END-- [ RunTime:0.002000s ]

[ 2017-08-29T17:39:21+08:00 ] 127.0.0.1 /index.php/Admin/Email/receiveBox.html
INFO: [ app_init ] --START--
INFO: Run Behavior\BuildLiteBehavior [ RunTime:0.000000s ]
INFO: [ app_init ] --END-- [ RunTime:0.001001s ]

[ 2017-08-29T17:39:24+08:00 ] 127.0.0.1 /index.php/Admin/Email/receiveBox.html
INFO: [ app_init ] --START--
INFO: Run Behavior\BuildLiteBehavior [ RunTime:0.000000s ]
INFO: [ app_init ] --END-- [ RunTime:0.002000s ]

[ 2017-08-29T17:39:26+08:00 ] 127.0.0.1 /index.php/Admin/Email/sendBox.html
INFO: [ app_init ] --START--
INFO: Run Behavior\BuildLiteBehavior [ RunTime:0.000000s ]
INFO: [ app_init ] --END-- [ RunTime:0.002000s ]

[ 2017-08-29T17:39:29+08:00 ] 127.0.0.1 /index.php/Admin/Email/sendBox.html
INFO: [ app_init ] --START--
INFO: Run Behavior\BuildLiteBehavior [ RunTime:0.000000s ]
INFO: [ app_init ] --END-- [ RunTime:0.002000s ]

[ 2017-08-29T17:39:30+08:00 ] 127.0.0.1 /index.php/Admin/Email/send.html
INFO: [ app_init ] --START--
INFO: Run Behavior\BuildLiteBehavior [ RunTime:0.000000s ]
INFO: [ app_init ] --END-- [ RunTime:0.002000s ]

[ 2017-08-29T17:39:35+08:00 ] 127.0.0.1 /index.php/Admin/Email/receiveBox.html
INFO: [ app_init ] --START--
INFO: Run Behavior\BuildLiteBehavior [ RunTime:0.000000s ]
INFO: [ app_init ] --END-- [ RunTime:0.001000s ]

[ 2017-08-29T17:39:38+08:00 ] 127.0.0.1 /index.php/Admin/Email/receiveBox.html
INFO: [ app_init ] --START--
INFO: Run Behavior\BuildLiteBehavior [ RunTime:0.000000s ]
INFO: [ app_init ] --END-- [ RunTime:0.002000s ]

[ 2017-08-29T17:39:41+08:00 ] 127.0.0.1 /index.php/Admin/Email/getContent/id1
INFO: [ app_init ] --START--
INFO: Run Behavior\BuildLiteBehavior [ RunTime:0.000000s ]
INFO: [ app_init ] --END-- [ RunTime:0.002000s ]
ERR: 1064:You have an error in your SQL syntax; check the manual that corresponds to your MySQL server version for the right syntax to use near 'and to_id =7 ) LIMIT 1' at line 1
 [ SQL语句 ] : SELECT * FROM `sp_email` WHERE ( id= and to_id =7 ) LIMIT 1  

[ 2017-08-29T17:41:38+08:00 ] 127.0.0.1 /index.php/Admin/Email/receiveBox.html
INFO: [ app_init ] --START--
INFO: Run Behavior\BuildLiteBehavior [ RunTime:0.000000s ]
INFO: [ app_init ] --END-- [ RunTime:0.003000s ]

[ 2017-08-29T17:41:43+08:00 ] 127.0.0.1 /index.php/Admin/Email/getContent/id2
INFO: [ app_init ] --START--
INFO: Run Behavior\BuildLiteBehavior [ RunTime:0.000000s ]
INFO: [ app_init ] --END-- [ RunTime:0.001000s ]
ERR: 1064:You have an error in your SQL syntax; check the manual that corresponds to your MySQL server version for the right syntax to use near 'and to_id =7 ) LIMIT 1' at line 1
 [ SQL语句 ] : SELECT * FROM `sp_email` WHERE ( id= and to_id =7 ) LIMIT 1  

[ 2017-08-29T17:42:12+08:00 ] 127.0.0.1 /index.php/Admin/Email/receiveBox.html
INFO: [ app_init ] --START--
INFO: Run Behavior\BuildLiteBehavior [ RunTime:0.000000s ]
INFO: [ app_init ] --END-- [ RunTime:0.001000s ]

[ 2017-08-29T17:42:16+08:00 ] 127.0.0.1 /index.php/Admin/Email/receiveBox.html
INFO: [ app_init ] --START--
INFO: Run Behavior\BuildLiteBehavior [ RunTime:0.000000s ]
INFO: [ app_init ] --END-- [ RunTime:0.001000s ]

[ 2017-08-29T17:42:18+08:00 ] 127.0.0.1 /index.php/Admin/Email/getContent/id2
INFO: [ app_init ] --START--
INFO: Run Behavior\BuildLiteBehavior [ RunTime:0.000000s ]
INFO: [ app_init ] --END-- [ RunTime:0.003000s ]

[ 2017-08-29T17:42:22+08:00 ] 127.0.0.1 /index.php/Admin/Email/getContent/id1
INFO: [ app_init ] --START--
INFO: Run Behavior\BuildLiteBehavior [ RunTime:0.000000s ]
INFO: [ app_init ] --END-- [ RunTime:0.002000s ]

[ 2017-08-29T17:42:29+08:00 ] 127.0.0.1 /index.php/Admin/Index/index.html
INFO: [ app_init ] --START--
INFO: Run Behavior\BuildLiteBehavior [ RunTime:0.000000s ]
INFO: [ app_init ] --END-- [ RunTime:0.002000s ]

[ 2017-08-29T17:42:29+08:00 ] 127.0.0.1 /index.php/Admin/Index/home.html
INFO: [ app_init ] --START--
INFO: Run Behavior\BuildLiteBehavior [ RunTime:0.000000s ]
INFO: [ app_init ] --END-- [ RunTime:0.001000s ]

[ 2017-08-29T17:42:33+08:00 ] 127.0.0.1 /index.php/Admin/Email/receiveBox.html
INFO: [ app_init ] --START--
INFO: Run Behavior\BuildLiteBehavior [ RunTime:0.000000s ]
INFO: [ app_init ] --END-- [ RunTime:0.002000s ]

[ 2017-08-29T17:42:36+08:00 ] 127.0.0.1 /index.php/Admin/Email/getContent/id2
INFO: [ app_init ] --START--
INFO: Run Behavior\BuildLiteBehavior [ RunTime:0.000000s ]
INFO: [ app_init ] --END-- [ RunTime:0.001000s ]

[ 2017-08-29T17:43:00+08:00 ] 127.0.0.1 /index.php/Admin/Email/receiveBox.html
INFO: [ app_init ] --START--
INFO: Run Behavior\BuildLiteBehavior [ RunTime:0.000000s ]
INFO: [ app_init ] --END-- [ RunTime:0.001000s ]

[ 2017-08-29T17:43:01+08:00 ] 127.0.0.1 /index.php/Admin/Email/getContent/id2
INFO: [ app_init ] --START--
INFO: Run Behavior\BuildLiteBehavior [ RunTime:0.000000s ]
INFO: [ app_init ] --END-- [ RunTime:0.003000s ]

[ 2017-08-29T17:43:08+08:00 ] 127.0.0.1 /index.php/Admin/Email/getContent/id1
INFO: [ app_init ] --START--
INFO: Run Behavior\BuildLiteBehavior [ RunTime:0.000000s ]
INFO: [ app_init ] --END-- [ RunTime:0.002000s ]

[ 2017-08-29T17:43:36+08:00 ] 127.0.0.1 /index.php/Admin/Email/receiveBox.html
INFO: [ app_init ] --START--
INFO: Run Behavior\BuildLiteBehavior [ RunTime:0.000000s ]
INFO: [ app_init ] --END-- [ RunTime:0.001000s ]

[ 2017-08-29T17:43:38+08:00 ] 127.0.0.1 /index.php/Admin/Email/getContent/id2
INFO: [ app_init ] --START--
INFO: Run Behavior\BuildLiteBehavior [ RunTime:0.000000s ]
INFO: [ app_init ] --END-- [ RunTime:0.003000s ]

[ 2017-08-29T17:44:05+08:00 ] 127.0.0.1 /index.php/Admin/Email/receiveBox.html
INFO: [ app_init ] --START--
INFO: Run Behavior\BuildLiteBehavior [ RunTime:0.001000s ]
INFO: [ app_init ] --END-- [ RunTime:0.002000s ]

[ 2017-08-29T17:44:24+08:00 ] 127.0.0.1 /index.php/Admin/Email/receiveBox.html
INFO: [ app_init ] --START--
INFO: Run Behavior\BuildLiteBehavior [ RunTime:0.000000s ]
INFO: [ app_init ] --END-- [ RunTime:0.002000s ]

[ 2017-08-29T17:44:26+08:00 ] 127.0.0.1 /index.php/Admin/Email/getContent/id2
INFO: [ app_init ] --START--
INFO: Run Behavior\BuildLiteBehavior [ RunTime:0.000000s ]
INFO: [ app_init ] --END-- [ RunTime:0.001001s ]

[ 2017-08-29T17:44:32+08:00 ] 127.0.0.1 /index.php/Admin/Email/getContent/id1
INFO: [ app_init ] --START--
INFO: Run Behavior\BuildLiteBehavior [ RunTime:0.000000s ]
INFO: [ app_init ] --END-- [ RunTime:0.002000s ]

[ 2017-08-29T17:44:36+08:00 ] 127.0.0.1 /index.php/Admin/Email/getContent/id2
INFO: [ app_init ] --START--
INFO: Run Behavior\BuildLiteBehavior [ RunTime:0.000000s ]
INFO: [ app_init ] --END-- [ RunTime:0.002000s ]

[ 2017-08-29T17:44:53+08:00 ] 127.0.0.1 /index.php/Admin/Email/receiveBox.html
INFO: [ app_init ] --START--
INFO: Run Behavior\BuildLiteBehavior [ RunTime:0.000000s ]
INFO: [ app_init ] --END-- [ RunTime:0.002000s ]

[ 2017-08-29T17:45:09+08:00 ] 127.0.0.1 /index.php/Admin/Email/receiveBox.html
INFO: [ app_init ] --START--
INFO: Run Behavior\BuildLiteBehavior [ RunTime:0.000000s ]
INFO: [ app_init ] --END-- [ RunTime:0.002000s ]

[ 2017-08-29T17:45:11+08:00 ] 127.0.0.1 /index.php/Admin/Email/getContent/id2
INFO: [ app_init ] --START--
INFO: Run Behavior\BuildLiteBehavior [ RunTime:0.000000s ]
INFO: [ app_init ] --END-- [ RunTime:0.003000s ]

[ 2017-08-29T17:49:31+08:00 ] 127.0.0.1 /index.php/Admin/Email/receiveBox.html
INFO: [ app_init ] --START--
INFO: Run Behavior\BuildLiteBehavior [ RunTime:0.000000s ]
INFO: [ app_init ] --END-- [ RunTime:0.002000s ]

[ 2017-08-29T17:49:54+08:00 ] 127.0.0.1 /index.php/Admin/Email/receiveBox.html
INFO: [ app_init ] --START--
INFO: Run Behavior\BuildLiteBehavior [ RunTime:0.000000s ]
INFO: [ app_init ] --END-- [ RunTime:0.002001s ]

[ 2017-08-29T17:49:57+08:00 ] 127.0.0.1 /index.php/Admin/Email/getContent/id1
INFO: [ app_init ] --START--
INFO: Run Behavior\BuildLiteBehavior [ RunTime:0.000000s ]
INFO: [ app_init ] --END-- [ RunTime:0.002000s ]

[ 2017-08-29T17:50:04+08:00 ] 127.0.0.1 /index.php/Admin/Email/receiveBox.html
INFO: [ app_init ] --START--
INFO: Run Behavior\BuildLiteBehavior [ RunTime:0.000000s ]
INFO: [ app_init ] --END-- [ RunTime:0.002000s ]

[ 2017-08-29T17:50:48+08:00 ] 127.0.0.1 /index.php/Admin/Email/receiveBox.html
INFO: [ app_init ] --START--
INFO: Run Behavior\BuildLiteBehavior [ RunTime:0.000000s ]
INFO: [ app_init ] --END-- [ RunTime:0.001000s ]

[ 2017-08-29T17:50:51+08:00 ] 127.0.0.1 /index.php/Admin/Email/getContent/id2
INFO: [ app_init ] --START--
INFO: Run Behavior\BuildLiteBehavior [ RunTime:0.000000s ]
INFO: [ app_init ] --END-- [ RunTime:0.002000s ]

[ 2017-08-29T17:50:55+08:00 ] 127.0.0.1 /index.php/Admin/Email/receiveBox.html
INFO: [ app_init ] --START--
INFO: Run Behavior\BuildLiteBehavior [ RunTime:0.000000s ]
INFO: [ app_init ] --END-- [ RunTime:0.001000s ]

[ 2017-08-29T17:53:07+08:00 ] 127.0.0.1 /index.php/Admin/Email/receiveBox.html
INFO: [ app_init ] --START--
INFO: Run Behavior\BuildLiteBehavior [ RunTime:0.000000s ]
INFO: [ app_init ] --END-- [ RunTime:0.001000s ]

[ 2017-08-29T17:53:10+08:00 ] 127.0.0.1 /index.php/Admin/Email/getContent/id1
INFO: [ app_init ] --START--
INFO: Run Behavior\BuildLiteBehavior [ RunTime:0.000000s ]
INFO: [ app_init ] --END-- [ RunTime:0.001000s ]

[ 2017-08-29T17:54:43+08:00 ] 127.0.0.1 /index.php/Admin/Email/receiveBox.html
INFO: [ app_init ] --START--
INFO: Run Behavior\BuildLiteBehavior [ RunTime:0.000000s ]
INFO: [ app_init ] --END-- [ RunTime:0.002000s ]

[ 2017-08-29T17:54:46+08:00 ] 127.0.0.1 /index.php/Admin/Email/getContent/id1
INFO: [ app_init ] --START--
INFO: Run Behavior\BuildLiteBehavior [ RunTime:0.000000s ]
INFO: [ app_init ] --END-- [ RunTime:0.002000s ]
ERR: 1064:You have an error in your SQL syntax; check the manual that corresponds to your MySQL server version for the right syntax to use near 'and to_id = 7 ) LIMIT 1' at line 1
 [ SQL语句 ] : SELECT * FROM `sp_email` WHERE ( id =  and to_id = 7 ) LIMIT 1  

[ 2017-08-29T17:55:11+08:00 ] 127.0.0.1 /index.php/Admin/Email/send.html
INFO: [ app_init ] --START--
INFO: Run Behavior\BuildLiteBehavior [ RunTime:0.000000s ]
INFO: [ app_init ] --END-- [ RunTime:0.002001s ]

[ 2017-08-29T17:55:16+08:00 ] 127.0.0.1 /index.php/Admin/Email/sendBox.html
INFO: [ app_init ] --START--
INFO: Run Behavior\BuildLiteBehavior [ RunTime:0.000000s ]
INFO: [ app_init ] --END-- [ RunTime:0.002000s ]

[ 2017-08-29T17:55:20+08:00 ] 127.0.0.1 /index.php/Admin/Email/sendBox.html
INFO: [ app_init ] --START--
INFO: Run Behavior\BuildLiteBehavior [ RunTime:0.000000s ]
INFO: [ app_init ] --END-- [ RunTime:0.002000s ]

[ 2017-08-29T18:41:56+08:00 ] 127.0.0.1 /index.php/Admin/Index/home.html
INFO: [ app_init ] --START--
INFO: Run Behavior\BuildLiteBehavior [ RunTime:0.000000s ]
INFO: [ app_init ] --END-- [ RunTime:0.001000s ]

[ 2017-08-29T18:42:01+08:00 ] 127.0.0.1 /index.php/Admin/Doc/showList.html
INFO: [ app_init ] --START--
INFO: Run Behavior\BuildLiteBehavior [ RunTime:0.000000s ]
INFO: [ app_init ] --END-- [ RunTime:0.001000s ]

[ 2017-08-29T18:42:03+08:00 ] 127.0.0.1 /index.php/Admin/Doc/add.html
INFO: [ app_init ] --START--
INFO: Run Behavior\BuildLiteBehavior [ RunTime:0.000000s ]
INFO: [ app_init ] --END-- [ RunTime:0.001000s ]

[ 2017-08-29T18:42:08+08:00 ] 127.0.0.1 /index.php/Admin/User/showList.html
INFO: [ app_init ] --START--
INFO: Run Behavior\BuildLiteBehavior [ RunTime:0.000000s ]
INFO: [ app_init ] --END-- [ RunTime:0.001000s ]

[ 2017-08-29T18:42:11+08:00 ] 127.0.0.1 /index.php/Admin/User/add.html
INFO: [ app_init ] --START--
INFO: Run Behavior\BuildLiteBehavior [ RunTime:0.000000s ]
INFO: [ app_init ] --END-- [ RunTime:0.001000s ]

[ 2017-08-29T18:42:26+08:00 ] 127.0.0.1 /index.php/Admin/Knowledge/showList.html
INFO: [ app_init ] --START--
INFO: Run Behavior\BuildLiteBehavior [ RunTime:0.000000s ]
INFO: [ app_init ] --END-- [ RunTime:0.001000s ]

[ 2017-08-29T18:42:27+08:00 ] 127.0.0.1 /index.php/Admin/Knowledge/showList.html
INFO: [ app_init ] --START--
INFO: Run Behavior\BuildLiteBehavior [ RunTime:0.000000s ]
INFO: [ app_init ] --END-- [ RunTime:0.002000s ]

[ 2017-08-29T18:42:27+08:00 ] 127.0.0.1 /index.php/Admin/Knowledge/__PUBILC__/js/jquery.js
INFO: [ app_init ] --START--
INFO: Run Behavior\BuildLiteBehavior [ RunTime:0.000000s ]
INFO: [ app_init ] --END-- [ RunTime:0.001000s ]
ERR: 非法操作:__PUBILC__

[ 2017-08-29T18:42:27+08:00 ] 127.0.0.1 /index.php/Admin/Knowledge/__PUBILC__/js/jquery.js
INFO: [ app_init ] --START--
INFO: Run Behavior\BuildLiteBehavior [ RunTime:0.001000s ]
INFO: [ app_init ] --END-- [ RunTime:0.002000s ]
ERR: 非法操作:__PUBILC__

[ 2017-08-29T18:42:29+08:00 ] 127.0.0.1 /index.php/Admin/Knowledge/add.html
INFO: [ app_init ] --START--
INFO: Run Behavior\BuildLiteBehavior [ RunTime:0.000000s ]
INFO: [ app_init ] --END-- [ RunTime:0.002001s ]

[ 2017-08-29T18:42:34+08:00 ] 127.0.0.1 /index.php/Admin/Dept/showList.html
INFO: [ app_init ] --START--
INFO: Run Behavior\BuildLiteBehavior [ RunTime:0.000000s ]
INFO: [ app_init ] --END-- [ RunTime:0.001000s ]

[ 2017-08-29T18:42:38+08:00 ] 127.0.0.1 /index.php/Admin/Dept/edit/id/1
INFO: [ app_init ] --START--
INFO: Run Behavior\BuildLiteBehavior [ RunTime:0.000000s ]
INFO: [ app_init ] --END-- [ RunTime:0.001000s ]

[ 2017-08-29T18:42:41+08:00 ] 127.0.0.1 /index.php/Admin/Dept/add.html
INFO: [ app_init ] --START--
INFO: Run Behavior\BuildLiteBehavior [ RunTime:0.000000s ]
INFO: [ app_init ] --END-- [ RunTime:0.001000s ]

[ 2017-08-29T18:42:51+08:00 ] 127.0.0.1 /index.php/Admin/Email/send.html
INFO: [ app_init ] --START--
INFO: Run Behavior\BuildLiteBehavior [ RunTime:0.000000s ]
INFO: [ app_init ] --END-- [ RunTime:0.001000s ]

[ 2017-08-29T18:44:03+08:00 ] 127.0.0.1 /index.php/Admin/Email/sendBox.html
INFO: [ app_init ] --START--
INFO: Run Behavior\BuildLiteBehavior [ RunTime:0.000000s ]
INFO: [ app_init ] --END-- [ RunTime:0.001000s ]

[ 2017-08-29T18:44:05+08:00 ] 127.0.0.1 /index.php/Admin/Email/receiveBox.html
INFO: [ app_init ] --START--
INFO: Run Behavior\BuildLiteBehavior [ RunTime:0.000000s ]
INFO: [ app_init ] --END-- [ RunTime:0.000000s ]

[ 2017-08-29T18:44:08+08:00 ] 127.0.0.1 /index.php/Admin/Email/send.html
INFO: [ app_init ] --START--
INFO: Run Behavior\BuildLiteBehavior [ RunTime:0.000000s ]
INFO: [ app_init ] --END-- [ RunTime:0.002001s ]

[ 2017-08-29T18:44:11+08:00 ] 127.0.0.1 /index.php/Admin/Email/receiveBox.html
INFO: [ app_init ] --START--
INFO: Run Behavior\BuildLiteBehavior [ RunTime:0.000000s ]
INFO: [ app_init ] --END-- [ RunTime:0.001000s ]

[ 2017-08-29T18:51:49+08:00 ] 127.0.0.1 /index.php/Admin/Email/receiveBox.html
INFO: [ app_init ] --START--
INFO: Run Behavior\BuildLiteBehavior [ RunTime:0.000000s ]
INFO: [ app_init ] --END-- [ RunTime:0.001000s ]

[ 2017-08-29T18:51:55+08:00 ] 127.0.0.1 /index.php/Admin/Email/getContent/id1
INFO: [ app_init ] --START--
INFO: Run Behavior\BuildLiteBehavior [ RunTime:0.000000s ]
INFO: [ app_init ] --END-- [ RunTime:0.001000s ]
ERR: 1064:You have an error in your SQL syntax; check the manual that corresponds to your MySQL server version for the right syntax to use near 'and to_id = 7 ) LIMIT 1' at line 1
 [ SQL语句 ] : SELECT * FROM `sp_email` WHERE ( id =  and to_id = 7 ) LIMIT 1  

[ 2017-08-29T18:52:02+08:00 ] 127.0.0.1 /index.php/Admin/Email/getContent/id2
INFO: [ app_init ] --START--
INFO: Run Behavior\BuildLiteBehavior [ RunTime:0.000000s ]
INFO: [ app_init ] --END-- [ RunTime:0.001000s ]
ERR: 1064:You have an error in your SQL syntax; check the manual that corresponds to your MySQL server version for the right syntax to use near 'and to_id = 7 ) LIMIT 1' at line 1
 [ SQL语句 ] : SELECT * FROM `sp_email` WHERE ( id =  and to_id = 7 ) LIMIT 1  

[ 2017-08-29T22:17:56+08:00 ] 127.0.0.1 /index.php/Admin/Doc/showList.html
INFO: [ app_init ] --START--
INFO: Run Behavior\BuildLiteBehavior [ RunTime:0.000000s ]
INFO: [ app_init ] --END-- [ RunTime:0.002000s ]

[ 2017-08-29T22:18:00+08:00 ] 127.0.0.1 /index.php/Admin/Doc/showList.html
INFO: [ app_init ] --START--
INFO: Run Behavior\BuildLiteBehavior [ RunTime:0.000000s ]
INFO: [ app_init ] --END-- [ RunTime:0.002000s ]

[ 2017-08-29T22:18:02+08:00 ] 127.0.0.1 /index.php/Admin/Doc/add.html
INFO: [ app_init ] --START--
INFO: Run Behavior\BuildLiteBehavior [ RunTime:0.000000s ]
INFO: [ app_init ] --END-- [ RunTime:0.001000s ]

[ 2017-08-29T22:18:07+08:00 ] 127.0.0.1 /index.php/Admin/User/showList.html
INFO: [ app_init ] --START--
INFO: Run Behavior\BuildLiteBehavior [ RunTime:0.000000s ]
INFO: [ app_init ] --END-- [ RunTime:0.002000s ]

[ 2017-08-29T22:18:11+08:00 ] 127.0.0.1 /index.php/Admin/Knowledge/showList.html
INFO: [ app_init ] --START--
INFO: Run Behavior\BuildLiteBehavior [ RunTime:0.000000s ]
INFO: [ app_init ] --END-- [ RunTime:0.002000s ]

[ 2017-08-29T22:18:11+08:00 ] 127.0.0.1 /index.php/Admin/Knowledge/__PUBILC__/js/jquery.js
INFO: [ app_init ] --START--
INFO: Run Behavior\BuildLiteBehavior [ RunTime:0.000000s ]
INFO: [ app_init ] --END-- [ RunTime:0.001000s ]
ERR: 非法操作:__PUBILC__

[ 2017-08-29T22:18:14+08:00 ] 127.0.0.1 /index.php/Admin/Knowledge/add.html
INFO: [ app_init ] --START--
INFO: Run Behavior\BuildLiteBehavior [ RunTime:0.000000s ]
INFO: [ app_init ] --END-- [ RunTime:0.002000s ]

[ 2017-08-29T22:18:17+08:00 ] 127.0.0.1 /index.php/Admin/Knowledge/showList.html
INFO: [ app_init ] --START--
INFO: Run Behavior\BuildLiteBehavior [ RunTime:0.000000s ]
INFO: [ app_init ] --END-- [ RunTime:0.003000s ]

[ 2017-08-29T22:18:17+08:00 ] 127.0.0.1 /index.php/Admin/Knowledge/__PUBILC__/js/jquery.js
INFO: [ app_init ] --START--
INFO: Run Behavior\BuildLiteBehavior [ RunTime:0.000000s ]
INFO: [ app_init ] --END-- [ RunTime:0.001000s ]
ERR: 非法操作:__PUBILC__

[ 2017-08-29T22:19:21+08:00 ] 127.0.0.1 /index.php/Admin/Knowledge/showList.html
INFO: [ app_init ] --START--
INFO: Run Behavior\BuildLiteBehavior [ RunTime:0.000000s ]
INFO: [ app_init ] --END-- [ RunTime:0.001000s ]

[ 2017-08-29T22:19:21+08:00 ] 127.0.0.1 /index.php/Admin/Knowledge/__PUBILC__/js/jquery.js
INFO: [ app_init ] --START--
INFO: Run Behavior\BuildLiteBehavior [ RunTime:0.000000s ]
INFO: [ app_init ] --END-- [ RunTime:0.001000s ]
ERR: 非法操作:__PUBILC__

[ 2017-08-29T22:19:50+08:00 ] 127.0.0.1 /index.php/Admin/Knowledge/showList.html
INFO: [ app_init ] --START--
INFO: Run Behavior\BuildLiteBehavior [ RunTime:0.000000s ]
INFO: [ app_init ] --END-- [ RunTime:0.002000s ]

[ 2017-08-29T22:19:50+08:00 ] 127.0.0.1 /index.php/Admin/Knowledge/__PUBILC__/js/jquery.js
INFO: [ app_init ] --START--
INFO: Run Behavior\BuildLiteBehavior [ RunTime:0.000000s ]
INFO: [ app_init ] --END-- [ RunTime:0.001000s ]
ERR: 非法操作:__PUBILC__

[ 2017-08-29T22:19:53+08:00 ] 127.0.0.1 /index.php/Admin/Knowledge/add.html
INFO: [ app_init ] --START--
INFO: Run Behavior\BuildLiteBehavior [ RunTime:0.000000s ]
INFO: [ app_init ] --END-- [ RunTime:0.001000s ]

[ 2017-08-29T22:19:59+08:00 ] 127.0.0.1 /index.php/Admin/Knowledge/showList.html
INFO: [ app_init ] --START--
INFO: Run Behavior\BuildLiteBehavior [ RunTime:0.000000s ]
INFO: [ app_init ] --END-- [ RunTime:0.001000s ]

[ 2017-08-29T22:19:59+08:00 ] 127.0.0.1 /index.php/Admin/Knowledge/__PUBILC__/js/jquery.js
INFO: [ app_init ] --START--
INFO: Run Behavior\BuildLiteBehavior [ RunTime:0.000000s ]
INFO: [ app_init ] --END-- [ RunTime:0.001000s ]
ERR: 非法操作:__PUBILC__

[ 2017-08-29T22:20:21+08:00 ] 127.0.0.1 /index.php/Admin/Knowledge/showList.html
INFO: [ app_init ] --START--
INFO: Run Behavior\BuildLiteBehavior [ RunTime:0.000000s ]
INFO: [ app_init ] --END-- [ RunTime:0.001000s ]

[ 2017-08-29T22:20:21+08:00 ] 127.0.0.1 /index.php/Admin/Knowledge/__PUBILC__/js/jquery.js
INFO: [ app_init ] --START--
INFO: Run Behavior\BuildLiteBehavior [ RunTime:0.000000s ]
INFO: [ app_init ] --END-- [ RunTime:0.002001s ]
ERR: 非法操作:__PUBILC__

